CRITICAL - 2024-05-15 09:34:49 --> CodeIgniter\HTTP\Exceptions\BadRequestException: The URI you submitted has disallowed characters: "css(1)"
[Method: GET, Route: template_files/css%281%29]
in SYSTEMPATH\Router\Router.php on line 736.
 1 SYSTEMPATH\Router\Router.php(203): CodeIgniter\Router\Router->checkDisallowedChars('template_files/css(1)')
 2 SYSTEMPATH\CodeIgniter.php(834): CodeIgniter\Router\Router->handle('template_files/css(1)')
 3 SYSTEMPATH\CodeIgniter.php(457): CodeIgniter\CodeIgniter->tryToRouteIt(Object(CodeIgniter\Router\RouteCollection))
 4 SYSTEMPATH\CodeIgniter.php(355): CodeIgniter\CodeIgniter->handleRequest(null, Object(Config\Cache), false)
 5 SYSTEMPATH\Boot.php(312): CodeIgniter\CodeIgniter->run()
 6 SYSTEMPATH\Boot.php(67): CodeIgniter\Boot::runCodeIgniter(Object(CodeIgniter\CodeIgniter))
 7 FCPATH\index.php(56): CodeIgniter\Boot::bootWeb(Object(Config\Paths))
 8 SYSTEMPATH\Commands\Server\rewrite.php(49): require_once('C:\\xampp8.2\\htdocs\\p2\\public\\index.php')
CRITICAL - 2024-05-15 09:35:31 --> CodeIgniter\HTTP\Exceptions\BadRequestException: The URI you submitted has disallowed characters: "css(1)"
[Method: GET, Route: template_files/css%281%29]
in SYSTEMPATH\Router\Router.php on line 736.
 1 SYSTEMPATH\Router\Router.php(203): CodeIgniter\Router\Router->checkDisallowedChars('template_files/css(1)')
 2 SYSTEMPATH\CodeIgniter.php(834): CodeIgniter\Router\Router->handle('template_files/css(1)')
 3 SYSTEMPATH\CodeIgniter.php(457): CodeIgniter\CodeIgniter->tryToRouteIt(Object(CodeIgniter\Router\RouteCollection))
 4 SYSTEMPATH\CodeIgniter.php(355): CodeIgniter\CodeIgniter->handleRequest(null, Object(Config\Cache), false)
 5 SYSTEMPATH\Boot.php(312): CodeIgniter\CodeIgniter->run()
 6 SYSTEMPATH\Boot.php(67): CodeIgniter\Boot::runCodeIgniter(Object(CodeIgniter\CodeIgniter))
 7 FCPATH\index.php(56): CodeIgniter\Boot::bootWeb(Object(Config\Paths))
 8 SYSTEMPATH\Commands\Server\rewrite.php(49): require_once('C:\\xampp8.2\\htdocs\\p2\\public\\index.php')
CRITICAL - 2024-05-15 09:35:44 --> CodeIgniter\HTTP\Exceptions\BadRequestException: The URI you submitted has disallowed characters: "css(1)"
[Method: GET, Route: template_files/css%281%29]
in SYSTEMPATH\Router\Router.php on line 736.
 1 SYSTEMPATH\Router\Router.php(203): CodeIgniter\Router\Router->checkDisallowedChars('template_files/css(1)')
 2 SYSTEMPATH\CodeIgniter.php(834): CodeIgniter\Router\Router->handle('template_files/css(1)')
 3 SYSTEMPATH\CodeIgniter.php(457): CodeIgniter\CodeIgniter->tryToRouteIt(Object(CodeIgniter\Router\RouteCollection))
 4 SYSTEMPATH\CodeIgniter.php(355): CodeIgniter\CodeIgniter->handleRequest(null, Object(Config\Cache), false)
 5 SYSTEMPATH\Boot.php(312): CodeIgniter\CodeIgniter->run()
 6 SYSTEMPATH\Boot.php(67): CodeIgniter\Boot::runCodeIgniter(Object(CodeIgniter\CodeIgniter))
 7 FCPATH\index.php(56): CodeIgniter\Boot::bootWeb(Object(Config\Paths))
 8 SYSTEMPATH\Commands\Server\rewrite.php(49): require_once('C:\\xampp8.2\\htdocs\\p2\\public\\index.php')
CRITICAL - 2024-05-15 09:36:35 --> CodeIgniter\HTTP\Exceptions\BadRequestException: The URI you submitted has disallowed characters: "css(1)"
[Method: GET, Route: template_files/css%281%29]
in SYSTEMPATH\Router\Router.php on line 736.
 1 SYSTEMPATH\Router\Router.php(203): CodeIgniter\Router\Router->checkDisallowedChars('template_files/css(1)')
 2 SYSTEMPATH\CodeIgniter.php(834): CodeIgniter\Router\Router->handle('template_files/css(1)')
 3 SYSTEMPATH\CodeIgniter.php(457): CodeIgniter\CodeIgniter->tryToRouteIt(Object(CodeIgniter\Router\RouteCollection))
 4 SYSTEMPATH\CodeIgniter.php(355): CodeIgniter\CodeIgniter->handleRequest(null, Object(Config\Cache), false)
 5 SYSTEMPATH\Boot.php(312): CodeIgniter\CodeIgniter->run()
 6 SYSTEMPATH\Boot.php(67): CodeIgniter\Boot::runCodeIgniter(Object(CodeIgniter\CodeIgniter))
 7 FCPATH\index.php(56): CodeIgniter\Boot::bootWeb(Object(Config\Paths))
 8 SYSTEMPATH\Commands\Server\rewrite.php(49): require_once('C:\\xampp8.2\\htdocs\\p2\\public\\index.php')
CRITICAL - 2024-05-15 10:04:23 --> ErrorException: Maximum execution time of 60 seconds exceeded
[Method: GET, Route: /]
in SYSTEMPATH\Debug\Exceptions.php on line 209.
 1 [internal function]: CodeIgniter\Debug\Exceptions->shutdownHandler()
CRITICAL - 2024-05-15 10:05:23 --> ErrorException: Maximum execution time of 60 seconds exceeded
[Method: GET, Route: /]
in SYSTEMPATH\Debug\Exceptions.php on line 209.
 1 [internal function]: CodeIgniter\Debug\Exceptions->shutdownHandler()
CRITICAL - 2024-05-15 10:07:49 --> ErrorException: Maximum execution time of 60 seconds exceeded
[Method: GET, Route: /]
in SYSTEMPATH\Debug\Exceptions.php on line 209.
 1 [internal function]: CodeIgniter\Debug\Exceptions->shutdownHandler()
CRITICAL - 2024-05-15 10:09:25 --> ErrorException: Maximum execution time of 60 seconds exceeded
[Method: GET, Route: /]
in SYSTEMPATH\Debug\Exceptions.php on line 209.
 1 [internal function]: CodeIgniter\Debug\Exceptions->shutdownHandler()
CRITICAL - 2024-05-15 10:11:23 --> ErrorException: Maximum execution time of 60 seconds exceeded
[Method: GET, Route: /]
in SYSTEMPATH\Debug\Exceptions.php on line 209.
 1 [internal function]: CodeIgniter\Debug\Exceptions->shutdownHandler()
CRITICAL - 2024-05-15 10:12:23 --> ErrorException: Maximum execution time of 60 seconds exceeded
[Method: GET, Route: /]
in SYSTEMPATH\Debug\Exceptions.php on line 209.
 1 [internal function]: CodeIgniter\Debug\Exceptions->shutdownHandler()
